<?xml version="1.0" encoding="UTF-8"?>
<testng-results skipped="0" failed="0" ignored="0" total="1" passed="1">
  <reporter-output>
  </reporter-output>
  <suite name="Suite" duration-ms="147470" started-at="2020-09-17T07:16:11Z" finished-at="2020-09-17T07:18:39Z">
    <groups>
    </groups>
    <test name="Test" duration-ms="147470" started-at="2020-09-17T07:16:11Z" finished-at="2020-09-17T07:18:39Z">
      <class name="SeleniumPackage.SeleniumRS.AlertTest">
        <test-method status="PASS" signature="initializedriver()[pri:0, instance:SeleniumPackage.SeleniumRS.AlertTest@d3e762]" name="initializedriver" is-config="true" duration-ms="51904" started-at="2020-09-17T12:46:11Z" finished-at="2020-09-17T12:47:03Z">
          <reporter-output>
          </reporter-output>
        </test-method> <!-- initializedriver -->
        <test-method status="PASS" signature="alertmethod(java.lang.String)[pri:0, instance:SeleniumPackage.SeleniumRS.AlertTest@d3e762]" name="alertmethod" duration-ms="95175" started-at="2020-09-17T12:47:03Z" finished-at="2020-09-17T12:48:39Z">
          <params>
            <param index="0">
              <value>
                <![CDATA[Meghna]]>
              </value>
            </param>
          </params>
          <reporter-output>
          </reporter-output>
        </test-method> <!-- alertmethod -->
      </class> <!-- SeleniumPackage.SeleniumRS.AlertTest -->
    </test> <!-- Test -->
  </suite> <!-- Suite -->
</testng-results>
